09/05/2025 09:27:59 AM: INFO: *******************Test_001_login**********************
09/05/2025 09:27:59 AM: INFO: *********************** Verifying home page title *****************************
09/05/2025 09:28:01 AM: INFO: ****************Home page title got passed ********************
09/05/2025 09:28:03 AM: INFO: *************** verifying login test *****************
09/05/2025 09:28:13 AM: INFO: *************** login test is passed *****************
09/05/2025 11:38:10 AM: WARNING: There was an error managing msedgedriver (error sending request for url (https://msedgedriver.azureedge.net/LATEST_RELEASE_139_WINDOWS)); using driver found in the cache
09/05/2025 11:38:12 AM: INFO: *******************Test_001_login**********************
09/05/2025 11:38:12 AM: INFO: *********************** Verifying home page title *****************************
09/05/2025 11:38:15 AM: INFO: ****************Home page title got passed ********************
09/05/2025 11:38:16 AM: WARNING: There was an error managing msedgedriver (error sending request for url (https://msedgedriver.azureedge.net/LATEST_RELEASE_139_WINDOWS)); using driver found in the cache
09/05/2025 11:38:18 AM: INFO: *************** verifying login test *****************
09/05/2025 11:38:26 AM: INFO: *************** login test is passed *****************
09/05/2025 11:39:06 AM: INFO: *******************Test_001_login**********************
09/05/2025 11:39:06 AM: INFO: *********************** Verifying home page title *****************************
09/05/2025 11:39:08 AM: INFO: ****************Home page title got passed ********************
09/05/2025 11:39:09 AM: INFO: *************** verifying login test *****************
09/05/2025 11:39:19 AM: INFO: *************** login test is passed *****************
09/05/2025 11:44:19 AM: INFO: *******************Test_001_login**********************
09/05/2025 11:44:19 AM: INFO: *********************** Verifying home page title *****************************
09/05/2025 11:44:22 AM: INFO: ****************Home page title got passed ********************
09/05/2025 11:44:23 AM: INFO: *************** verifying login test *****************
09/05/2025 11:44:34 AM: INFO: *************** login test is passed *****************
09/05/2025 11:45:57 AM: INFO: *************** verifying login test *****************
09/05/2025 11:45:59 AM: INFO: *******************Test_001_login**********************
09/05/2025 11:45:59 AM: INFO: *********************** Verifying home page title *****************************
09/05/2025 11:46:01 AM: INFO: ****************Home page title got passed ********************
09/05/2025 11:46:10 AM: INFO: *************** login test is passed *****************
09/05/2025 12:05:50 PM: INFO: *******************Test_001_login**********************
09/05/2025 12:05:50 PM: INFO: *********************** Verifying home page title *****************************
09/05/2025 12:05:53 PM: INFO: ****************Home page title got passed ********************
09/05/2025 12:05:54 PM: INFO: *************** verifying login test *****************
09/05/2025 12:06:05 PM: INFO: *************** login test is passed *****************
09/05/2025 12:06:38 PM: INFO: *******************Test_001_login**********************
09/05/2025 12:06:38 PM: INFO: *********************** Verifying home page title *****************************
09/05/2025 12:06:41 PM: INFO: ****************Home page title got passed ********************
09/05/2025 12:06:42 PM: INFO: *************** verifying login test *****************
09/05/2025 12:06:52 PM: INFO: *************** login test is passed *****************
09/05/2025 03:52:31 PM: INFO: *************** Test_002_login *****************
09/05/2025 03:52:31 PM: INFO: *************** verifying login test *****************
09/05/2025 03:52:40 PM: INFO: **********************Login test case passed************************
09/05/2025 03:52:47 PM: INFO: **** passed ****
09/05/2025 03:52:53 PM: INFO: **** passed ****
09/05/2025 03:52:58 PM: INFO: **** passed ****
09/05/2025 03:52:58 PM: INFO: ************DDT got passed ********************
09/05/2025 03:52:58 PM: INFO: **************End of login DDT test ********************
09/05/2025 03:52:58 PM: INFO: ************** Completed Test_002_login ********************
09/05/2025 03:54:59 PM: INFO: *************** Test_002_login *****************
09/05/2025 03:54:59 PM: INFO: *************** verifying login test *****************
09/05/2025 03:55:12 PM: INFO: **********************Login test case passed************************
09/05/2025 03:55:20 PM: INFO: **** passed ****
09/05/2025 03:55:26 PM: INFO: **** passed ****
09/05/2025 03:55:31 PM: INFO: **** passed ****
09/05/2025 03:55:31 PM: INFO: ************DDT got passed ********************
09/05/2025 03:55:31 PM: INFO: **************End of login DDT test ********************
09/05/2025 03:55:31 PM: INFO: ************** Completed Test_002_login ********************
09/09/2025 12:59:09 PM: INFO: ************* Test_003_AddCustomer **********
09/09/2025 12:59:14 PM: INFO: ************* Login succesful **********
09/09/2025 12:59:14 PM: INFO: ******* Starting Add Customer Test **********
09/09/2025 01:00:06 PM: INFO: ************* Test_003_AddCustomer **********
09/09/2025 01:00:10 PM: INFO: ************* Login succesful **********
09/09/2025 01:00:10 PM: INFO: ******* Starting Add Customer Test **********
09/09/2025 01:00:13 PM: INFO: ************* Providing customer info **********
09/09/2025 01:03:12 PM: INFO: ************* Test_003_AddCustomer **********
09/09/2025 01:03:17 PM: INFO: ************* Login succesful **********
09/09/2025 01:03:17 PM: INFO: ******* Starting Add Customer Test **********
09/09/2025 01:03:44 PM: INFO: ************* Test_003_AddCustomer **********
09/09/2025 01:03:50 PM: INFO: ************* Login succesful **********
09/09/2025 01:03:50 PM: INFO: ******* Starting Add Customer Test **********
09/09/2025 01:03:52 PM: INFO: ************* Providing customer info **********
09/09/2025 01:06:57 PM: INFO: ************* Test_003_AddCustomer **********
09/09/2025 01:07:04 PM: INFO: ************* Login succesful **********
09/09/2025 01:07:04 PM: INFO: ******* Starting Add Customer Test **********
09/09/2025 01:07:06 PM: INFO: ************* Providing customer info **********
09/09/2025 01:08:24 PM: INFO: ************* Test_003_AddCustomer **********
09/09/2025 01:08:29 PM: INFO: ************* Login succesful **********
09/09/2025 01:08:29 PM: INFO: ******* Starting Add Customer Test **********
09/09/2025 01:15:16 PM: INFO: ************* Test_003_AddCustomer **********
09/09/2025 01:15:21 PM: INFO: ************* Login succesful **********
09/09/2025 01:15:21 PM: INFO: ******* Starting Add Customer Test **********
09/09/2025 01:15:24 PM: INFO: ************* Providing customer info **********
09/09/2025 07:52:14 PM: INFO: ******** SearchCustomerByEmail_004 **********
09/09/2025 07:52:20 PM: INFO: ** ** * Loginsuccesful ** ** ** ** ** 
09/09/2025 07:52:20 PM: INFO: ******* Starting Search Customer By Email **********
09/09/2025 07:52:24 PM: INFO: ** ******* searching customer by emailID **********
09/09/2025 07:54:49 PM: INFO: ******** SearchCustomerByEmail_004 **********
09/09/2025 07:54:59 PM: INFO: ** ** * Loginsuccesful ** ** ** ** ** 
09/09/2025 07:54:59 PM: INFO: ******* Starting Search Customer By Email **********
09/09/2025 07:55:01 PM: INFO: ** ******* searching customer by emailID **********
09/09/2025 07:55:45 PM: INFO: ******** SearchCustomerByEmail_004 **********
09/09/2025 07:55:51 PM: INFO: ** ** * Loginsuccesful ** ** ** ** ** 
09/09/2025 07:55:51 PM: INFO: ******* Starting Search Customer By Email **********
09/09/2025 07:55:52 PM: INFO: ** ******* searching customer by emailID **********
09/09/2025 07:57:20 PM: INFO: ******** SearchCustomerByEmail_004 **********
09/09/2025 07:57:23 PM: INFO: ** ** * Loginsuccesful ** ** ** ** ** 
09/09/2025 07:57:23 PM: INFO: ******* Starting Search Customer By Email **********
09/09/2025 07:57:25 PM: INFO: ** ******* searching customer by emailID **********
09/09/2025 07:57:31 PM: INFO: *************** TC_SearchCustomerByEmail_004 Finished ***********
09/09/2025 07:58:28 PM: INFO: ******** SearchCustomerByEmail_004 **********
09/09/2025 07:58:33 PM: INFO: ** ** * Loginsuccesful ** ** ** ** ** 
09/09/2025 07:58:33 PM: INFO: ******* Starting Search Customer By Email **********
09/09/2025 08:03:03 PM: INFO: ******** SearchCustomerByEmail_004 **********
09/09/2025 08:03:12 PM: INFO: ** ** * Loginsuccesful ** ** ** ** ** 
09/09/2025 08:03:12 PM: INFO: ******* Starting Search Customer By Email **********
09/09/2025 08:03:13 PM: INFO: ** ******* searching customer by emailID **********
09/09/2025 08:03:58 PM: INFO: ******** SearchCustomerByEmail_004 **********
09/09/2025 08:04:05 PM: INFO: ** ** * Loginsuccesful ** ** ** ** ** 
09/09/2025 08:04:05 PM: INFO: ******* Starting Search Customer By Email **********
09/09/2025 08:04:12 PM: INFO: ** ******* searching customer by emailID **********
09/09/2025 08:04:58 PM: INFO: ******** SearchCustomerByEmail_004 **********
09/09/2025 08:05:02 PM: INFO: ** ** * Loginsuccesful ** ** ** ** ** 
09/09/2025 08:05:02 PM: INFO: ******* Starting Search Customer By Email **********
09/09/2025 08:06:00 PM: INFO: ******** SearchCustomerByEmail_004 **********
09/09/2025 08:06:04 PM: INFO: ** ** * Loginsuccesful ** ** ** ** ** 
09/09/2025 08:06:04 PM: INFO: ******* Starting Search Customer By Email **********
09/09/2025 08:06:35 PM: INFO: ** ******* searching customer by emailID **********
09/09/2025 08:07:32 PM: INFO: ******** SearchCustomerByEmail_004 **********
09/09/2025 08:07:38 PM: INFO: ** ** * Loginsuccesful ** ** ** ** ** 
09/09/2025 08:07:38 PM: INFO: ******* Starting Search Customer By Email **********
09/09/2025 08:07:40 PM: INFO: ** ******* searching customer by emailID **********
09/09/2025 08:08:46 PM: INFO: ******** SearchCustomerByEmail_004 **********
09/09/2025 08:08:55 PM: INFO: ** ** * Loginsuccesful ** ** ** ** ** 
09/09/2025 08:08:55 PM: INFO: ******* Starting Search Customer By Email **********
09/09/2025 08:10:56 PM: INFO: ******** SearchCustomerByEmail_004 **********
09/09/2025 08:11:02 PM: INFO: ** ** * Loginsuccesful ** ** ** ** ** 
09/09/2025 08:11:02 PM: INFO: ******* Starting Search Customer By Email **********
09/09/2025 08:11:04 PM: INFO: ** ******* searching customer by emailID **********
09/09/2025 08:11:43 PM: INFO: ******** SearchCustomerByEmail_004 **********
09/09/2025 08:11:56 PM: INFO: ** ** * Loginsuccesful ** ** ** ** ** 
09/09/2025 08:11:56 PM: INFO: ******* Starting Search Customer By Email **********
09/09/2025 08:12:40 PM: INFO: ******** SearchCustomerByEmail_004 **********
09/09/2025 08:13:07 PM: INFO: ** ** * Loginsuccesful ** ** ** ** ** 
09/09/2025 08:13:07 PM: INFO: ******* Starting Search Customer By Email **********
09/09/2025 08:13:11 PM: INFO: ** ******* searching customer by emailID **********
09/09/2025 08:14:06 PM: INFO: ******** SearchCustomerByEmail_004 **********
09/09/2025 08:14:15 PM: INFO: ** ** * Loginsuccesful ** ** ** ** ** 
09/09/2025 08:14:15 PM: INFO: ******* Starting Search Customer By Email **********
09/09/2025 08:14:16 PM: INFO: ** ******* searching customer by emailID **********
09/09/2025 08:14:22 PM: INFO: *************** TC_SearchCustomerByEmail_005 closed ***********
09/09/2025 08:14:22 PM: INFO: *************** TC_SearchCustomerByEmail_005 Finished ***********
09/09/2025 08:15:18 PM: INFO: ******** SearchCustomerByEmail_004 **********
09/09/2025 08:15:25 PM: INFO: ** ** * Loginsuccesful ** ** ** ** ** 
09/09/2025 08:15:25 PM: INFO: ******* Starting Search Customer By Email **********
09/09/2025 08:15:27 PM: INFO: ** ******* searching customer by emailID **********
09/09/2025 08:15:33 PM: INFO: *************** TC_SearchCustomerByEmail_005 closed ***********
09/09/2025 08:15:33 PM: INFO: *************** TC_SearchCustomerByEmail_005 Finished ***********
09/10/2025 12:55:01 AM: INFO: ************* Test_003_AddCustomer **********
09/10/2025 12:55:08 AM: INFO: ************* Login succesful **********
09/10/2025 12:55:08 AM: INFO: ******* Starting Add Customer Test **********
09/10/2025 12:55:10 AM: INFO: ************* Providing customer info **********
09/10/2025 12:55:16 AM: INFO: *************** verifying login test *****************
09/10/2025 12:55:25 AM: INFO: *************** login test is passed *****************
09/10/2025 12:56:00 AM: INFO: *************** verifying login test *****************
09/10/2025 12:56:09 AM: INFO: *************** login test is passed *****************
09/10/2025 12:58:01 AM: INFO: *******************Test_001_login**********************
09/10/2025 12:58:01 AM: INFO: *********************** Verifying home page title *****************************
09/10/2025 12:58:03 AM: INFO: ****************Home page title got passed ********************
09/10/2025 12:58:04 AM: INFO: *************** verifying login test *****************
09/10/2025 12:58:12 AM: INFO: *************** login test is passed *****************
09/10/2025 12:58:14 AM: INFO: *************** Test_002_login *****************
09/10/2025 12:58:14 AM: INFO: *************** verifying login test *****************
09/10/2025 12:58:22 AM: INFO: **********************Login test case passed************************
09/10/2025 12:58:29 AM: INFO: **** passed ****
09/10/2025 12:58:34 AM: INFO: **** passed ****
09/10/2025 12:58:40 AM: INFO: **** passed ****
09/10/2025 12:58:40 AM: INFO: ************DDT got passed ********************
09/10/2025 12:58:40 AM: INFO: **************End of login DDT test ********************
09/10/2025 12:58:40 AM: INFO: ************** Completed Test_002_login ********************
09/10/2025 12:58:41 AM: INFO: ******** SearchCustomerByEmail_004 **********
09/10/2025 12:58:46 AM: INFO: ** ** * Loginsuccesful ** ** ** ** ** 
09/10/2025 12:58:46 AM: INFO: ******* Starting Search Customer By Email **********
09/10/2025 12:58:47 AM: INFO: ** ******* searching customer by emailID **********
09/10/2025 12:58:53 AM: INFO: *************** TC_SearchCustomerByEmail_004 closed ***********
09/10/2025 12:58:53 AM: INFO: *************** TC_SearchCustomerByEmail_004 Finished ***********
09/10/2025 12:58:54 AM: INFO: ******** SearchCustomerByEmail_004 **********
09/10/2025 12:58:59 AM: INFO: ** ** * Loginsuccesful ** ** ** ** ** 
09/10/2025 12:58:59 AM: INFO: ******* Starting Search Customer By Email **********
09/10/2025 12:59:01 AM: INFO: ** ******* searching customer by emailID **********
09/10/2025 12:59:06 AM: INFO: *************** TC_SearchCustomerByEmail_005 closed ***********
09/10/2025 12:59:06 AM: INFO: *************** TC_SearchCustomerByEmail_005 Finished ***********
09/10/2025 01:36:58 AM: INFO: *******************Test_001_login**********************
09/10/2025 01:36:58 AM: INFO: *********************** Verifying home page title *****************************
09/10/2025 01:37:00 AM: INFO: ****************Home page title got passed ********************
09/10/2025 01:37:02 AM: INFO: *************** verifying login test *****************
09/10/2025 01:37:12 AM: INFO: *************** login test is passed *****************
09/10/2025 01:37:13 AM: INFO: *************** Test_002_login *****************
09/10/2025 01:37:13 AM: INFO: *************** verifying login test *****************
09/10/2025 01:37:24 AM: INFO: **********************Login test case passed************************
09/10/2025 01:37:31 AM: INFO: **** passed ****
09/10/2025 01:37:36 AM: INFO: **** passed ****
09/10/2025 01:37:42 AM: INFO: **** passed ****
09/10/2025 01:37:42 AM: INFO: ************DDT got passed ********************
09/10/2025 01:37:42 AM: INFO: **************End of login DDT test ********************
09/10/2025 01:37:42 AM: INFO: ************** Completed Test_002_login ********************
09/10/2025 01:37:43 AM: INFO: ******** SearchCustomerByEmail_004 **********
09/10/2025 01:37:47 AM: INFO: ** ** * Loginsuccesful ** ** ** ** ** 
09/10/2025 01:37:47 AM: INFO: ******* Starting Search Customer By Email **********
09/10/2025 01:37:49 AM: INFO: ******** SearchCustomerByEmail_004 **********
09/10/2025 01:37:53 AM: INFO: ** ** * Loginsuccesful ** ** ** ** ** 
09/10/2025 01:37:53 AM: INFO: ******* Starting Search Customer By Email **********
09/10/2025 01:43:05 AM: INFO: *******************Test_001_login**********************
09/10/2025 01:43:05 AM: INFO: *********************** Verifying home page title *****************************
09/10/2025 01:43:07 AM: INFO: ****************Home page title got passed ********************
09/10/2025 01:43:09 AM: INFO: *************** verifying login test *****************
09/10/2025 01:43:17 AM: INFO: *************** login test is passed *****************
09/10/2025 01:43:18 AM: INFO: *************** Test_002_login *****************
09/10/2025 01:43:18 AM: INFO: *************** verifying login test *****************
09/10/2025 01:43:28 AM: INFO: **********************Login test case passed************************
09/10/2025 01:43:35 AM: INFO: **** passed ****
09/10/2025 01:43:41 AM: INFO: **** passed ****
09/10/2025 01:43:47 AM: INFO: **** passed ****
09/10/2025 01:43:47 AM: INFO: ************DDT got passed ********************
09/10/2025 01:43:47 AM: INFO: **************End of login DDT test ********************
09/10/2025 01:43:47 AM: INFO: ************** Completed Test_002_login ********************
09/10/2025 01:43:48 AM: INFO: ******** SearchCustomerByEmail_004 **********
09/10/2025 01:43:51 AM: INFO: ** ** * Loginsuccesful ** ** ** ** ** 
09/10/2025 01:43:51 AM: INFO: ******* Starting Search Customer By Email **********
09/10/2025 01:43:55 AM: INFO: ******** SearchCustomerByEmail_004 **********
09/10/2025 01:44:00 AM: INFO: ** ** * Loginsuccesful ** ** ** ** ** 
09/10/2025 01:44:00 AM: INFO: ******* Starting Search Customer By Email **********
09/10/2025 01:44:02 AM: INFO: ** ******* searching customer by emailID **********
09/10/2025 01:44:09 AM: INFO: *************** TC_SearchCustomerByEmail_005 closed ***********
09/10/2025 01:44:09 AM: INFO: *************** TC_SearchCustomerByEmail_005 Finished ***********
09/10/2025 01:44:19 AM: WARNING: Error sending stats to Plausible: error sending request for url (https://plausible.io/api/event)
09/10/2025 01:44:22 AM: INFO: *************** verifying login test *****************
09/10/2025 01:44:29 AM: INFO: *************** login test is passed *****************
